=== tb_compute_core ===
Image 6x6  Kernel 3x3  QUANT_SHIFT=4
Kernel (row-major): 1 2 1 | 2 4 2 | 1 2 1

Reference outputs:
  exp[0][0] = 8
  exp[0][1] = 9
  exp[0][2] = 10
  exp[0][3] = 11
  exp[1][0] = 14
  exp[1][1] = 15
  exp[1][2] = 16
  exp[1][3] = 17
  exp[2][0] = 20
  exp[2][1] = 21
  exp[2][2] = 22
  exp[2][3] = 23
  exp[3][0] = 26
  exp[3][1] = 27
  exp[3][2] = 28
  exp[3][3] = 29

Per-output comparison:
[SIM] Loading weights...
[SIM] Streaming 6x6 pixels...
  [0][0]  got=   8  exp=   8  PASS
  [0][1]  got=   9  exp=   9  PASS
  [0][2]  got=  10  exp=  10  PASS
  [0][3]  got=  11  exp=  11  PASS
  [1][0]  got=  14  exp=  14  PASS
  [1][1]  got=  15  exp=  15  PASS
  [1][2]  got=  16  exp=  16  PASS
  [1][3]  got=  17  exp=  17  PASS
  [2][0]  got=  20  exp=  20  PASS
  [2][1]  got=  21  exp=  21  PASS
  [2][2]  got=  22  exp=  22  PASS
  [2][3]  got=  23  exp=  23  PASS
  [3][0]  got=  26  exp=  26  PASS
  [3][1]  got=  27  exp=  27  PASS
  [3][2]  got=  28  exp=  28  PASS
  [3][3]  got=  29  exp=  29  PASS

=== Summary ===
Total outputs expected : 16
PASS                  : 16
FAIL                  : 0
STATUS: PASS
