
 /----------------------------------------------------------------------------\
 |  yosys -- Yosys Open SYnthesis Suite                                       |
 |  Copyright (C) 2012 - 2025  Claire Xenia Wolf <claire@yosyshq.com>         |
 |  Distributed under an ISC-like license, type "license" to see terms        |
 \----------------------------------------------------------------------------/
 Yosys 0.52 (git sha1 fee39a3284c90249e1d9684cf6944ffbbcbb8f90)

-- Executing script file `/mnt/c/Users/Husai/Ece-410-hardware-ai/codefest/cf07/synth/crossbar_mac.ys' --

1. Executing Verilog-2005 frontend: /mnt/c/Users/Husai/Ece-410-hardware-ai/codefest/cf07/hdl/synth_top.sv
Parsing SystemVerilog input from `/mnt/c/Users/Husai/Ece-410-hardware-ai/codefest/cf07/hdl/synth_top.sv' to AST representation.
Generating RTLIL representation for module `\crossbar_mac'.
Successfully finished Verilog frontend.

2. Executing HIERARCHY pass (managing design hierarchy).

2.1. Analyzing design hierarchy..
Top module:  \crossbar_mac

2.2. Analyzing design hierarchy..
Top module:  \crossbar_mac
Removed 0 unused modules.

3. Executing PROC pass (convert processes to netlists).

3.1. Executing PROC_CLEAN pass (remove empty switches from decision trees).
Cleaned up 0 empty switches.

3.2. Executing PROC_RMDEAD pass (remove dead branches from decision trees).
Marked 1 switch rules as full_case in process $proc$/mnt/c/Users/Husai/Ece-410-hardware-ai/codefest/cf07/hdl/synth_top.sv:117$51 in module crossbar_mac.
Marked 2 switch rules as full_case in process $proc$/mnt/c/Users/Husai/Ece-410-hardware-ai/codefest/cf07/hdl/synth_top.sv:44$1 in module crossbar_mac.
Removed a total of 0 dead cases.

3.3. Executing PROC_PRUNE pass (remove redundant assignments in processes).
Removed 4 redundant assignments.
Promoted 4 assignments to connections.

3.4. Executing PROC_INIT pass (extract init attributes).

3.5. Executing PROC_ARST pass (detect async resets in processes).

3.6. Executing PROC_ROM pass (convert switches to ROMs).
Converted 0 switches.
<suppressed ~4 debug messages>

3.7. Executing PROC_MUX pass (convert decision trees to multiplexers).
Creating decoders for process `\crossbar_mac.$proc$/mnt/c/Users/Husai/Ece-410-hardware-ai/codefest/cf07/hdl/synth_top.sv:117$51'.
     1/4: $0\out3[31:0]
     2/4: $0\out2[31:0]
     3/4: $0\out1[31:0]
     4/4: $0\out0[31:0]
Creating decoders for process `\crossbar_mac.$proc$/mnt/c/Users/Husai/Ece-410-hardware-ai/codefest/cf07/hdl/synth_top.sv:87$2'.
Creating decoders for process `\crossbar_mac.$proc$/mnt/c/Users/Husai/Ece-410-hardware-ai/codefest/cf07/hdl/synth_top.sv:44$1'.
     1/16: $0\w33[0:0]
     2/16: $0\w32[0:0]
     3/16: $0\w31[0:0]
     4/16: $0\w30[0:0]
     5/16: $0\w23[0:0]
     6/16: $0\w22[0:0]
     7/16: $0\w21[0:0]
     8/16: $0\w20[0:0]
     9/16: $0\w13[0:0]
    10/16: $0\w12[0:0]
    11/16: $0\w11[0:0]
    12/16: $0\w10[0:0]
    13/16: $0\w03[0:0]
    14/16: $0\w02[0:0]
    15/16: $0\w01[0:0]
    16/16: $0\w00[0:0]

3.8. Executing PROC_DLATCH pass (convert process syncs to latches).
No latch inferred for signal `\crossbar_mac.\acc0' from process `\crossbar_mac.$proc$/mnt/c/Users/Husai/Ece-410-hardware-ai/codefest/cf07/hdl/synth_top.sv:87$2'.
No latch inferred for signal `\crossbar_mac.\acc1' from process `\crossbar_mac.$proc$/mnt/c/Users/Husai/Ece-410-hardware-ai/codefest/cf07/hdl/synth_top.sv:87$2'.
No latch inferred for signal `\crossbar_mac.\acc2' from process `\crossbar_mac.$proc$/mnt/c/Users/Husai/Ece-410-hardware-ai/codefest/cf07/hdl/synth_top.sv:87$2'.
No latch inferred for signal `\crossbar_mac.\acc3' from process `\crossbar_mac.$proc$/mnt/c/Users/Husai/Ece-410-hardware-ai/codefest/cf07/hdl/synth_top.sv:87$2'.

3.9. Executing PROC_DFF pass (convert process syncs to FFs).
Creating register for signal `\crossbar_mac.\out0' using process `\crossbar_mac.$proc$/mnt/c/Users/Husai/Ece-410-hardware-ai/codefest/cf07/hdl/synth_top.sv:117$51'.
  created $dff cell `$procdff$296' with positive edge clock.
Creating register for signal `\crossbar_mac.\out1' using process `\crossbar_mac.$proc$/mnt/c/Users/Husai/Ece-410-hardware-ai/codefest/cf07/hdl/synth_top.sv:117$51'.
  created $dff cell `$procdff$297' with positive edge clock.
Creating register for signal `\crossbar_mac.\out2' using process `\crossbar_mac.$proc$/mnt/c/Users/Husai/Ece-410-hardware-ai/codefest/cf07/hdl/synth_top.sv:117$51'.
  created $dff cell `$procdff$298' with positive edge clock.
Creating register for signal `\crossbar_mac.\out3' using process `\crossbar_mac.$proc$/mnt/c/Users/Husai/Ece-410-hardware-ai/codefest/cf07/hdl/synth_top.sv:117$51'.
  created $dff cell `$procdff$299' with positive edge clock.
Creating register for signal `\crossbar_mac.\w00' using process `\crossbar_mac.$proc$/mnt/c/Users/Husai/Ece-410-hardware-ai/codefest/cf07/hdl/synth_top.sv:44$1'.
  created $dff cell `$procdff$300' with positive edge clock.
Creating register for signal `\crossbar_mac.\w01' using process `\crossbar_mac.$proc$/mnt/c/Users/Husai/Ece-410-hardware-ai/codefest/cf07/hdl/synth_top.sv:44$1'.
  created $dff cell `$procdff$301' with positive edge clock.
Creating register for signal `\crossbar_mac.\w02' using process `\crossbar_mac.$proc$/mnt/c/Users/Husai/Ece-410-hardware-ai/codefest/cf07/hdl/synth_top.sv:44$1'.
  created $dff cell `$procdff$302' with positive edge clock.
Creating register for signal `\crossbar_mac.\w03' using process `\crossbar_mac.$proc$/mnt/c/Users/Husai/Ece-410-hardware-ai/codefest/cf07/hdl/synth_top.sv:44$1'.
  created $dff cell `$procdff$303' with positive edge clock.
Creating register for signal `\crossbar_mac.\w10' using process `\crossbar_mac.$proc$/mnt/c/Users/Husai/Ece-410-hardware-ai/codefest/cf07/hdl/synth_top.sv:44$1'.
  created $dff cell `$procdff$304' with positive edge clock.
Creating register for signal `\crossbar_mac.\w11' using process `\crossbar_mac.$proc$/mnt/c/Users/Husai/Ece-410-hardware-ai/codefest/cf07/hdl/synth_top.sv:44$1'.
  created $dff cell `$procdff$305' with positive edge clock.
Creating register for signal `\crossbar_mac.\w12' using process `\crossbar_mac.$proc$/mnt/c/Users/Husai/Ece-410-hardware-ai/codefest/cf07/hdl/synth_top.sv:44$1'.
  created $dff cell `$procdff$306' with positive edge clock.
Creating register for signal `\crossbar_mac.\w13' using process `\crossbar_mac.$proc$/mnt/c/Users/Husai/Ece-410-hardware-ai/codefest/cf07/hdl/synth_top.sv:44$1'.
  created $dff cell `$procdff$307' with positive edge clock.
Creating register for signal `\crossbar_mac.\w20' using process `\crossbar_mac.$proc$/mnt/c/Users/Husai/Ece-410-hardware-ai/codefest/cf07/hdl/synth_top.sv:44$1'.
  created $dff cell `$procdff$308' with positive edge clock.
Creating register for signal `\crossbar_mac.\w21' using process `\crossbar_mac.$proc$/mnt/c/Users/Husai/Ece-410-hardware-ai/codefest/cf07/hdl/synth_top.sv:44$1'.
  created $dff cell `$procdff$309' with positive edge clock.
Creating register for signal `\crossbar_mac.\w22' using process `\crossbar_mac.$proc$/mnt/c/Users/Husai/Ece-410-hardware-ai/codefest/cf07/hdl/synth_top.sv:44$1'.
  created $dff cell `$procdff$310' with positive edge clock.
Creating register for signal `\crossbar_mac.\w23' using process `\crossbar_mac.$proc$/mnt/c/Users/Husai/Ece-410-hardware-ai/codefest/cf07/hdl/synth_top.sv:44$1'.
  created $dff cell `$procdff$311' with positive edge clock.
Creating register for signal `\crossbar_mac.\w30' using process `\crossbar_mac.$proc$/mnt/c/Users/Husai/Ece-410-hardware-ai/codefest/cf07/hdl/synth_top.sv:44$1'.
  created $dff cell `$procdff$312' with positive edge clock.
Creating register for signal `\crossbar_mac.\w31' using process `\crossbar_mac.$proc$/mnt/c/Users/Husai/Ece-410-hardware-ai/codefest/cf07/hdl/synth_top.sv:44$1'.
  created $dff cell `$procdff$313' with positive edge clock.
Creating register for signal `\crossbar_mac.\w32' using process `\crossbar_mac.$proc$/mnt/c/Users/Husai/Ece-410-hardware-ai/codefest/cf07/hdl/synth_top.sv:44$1'.
  created $dff cell `$procdff$314' with positive edge clock.
Creating register for signal `\crossbar_mac.\w33' using process `\crossbar_mac.$proc$/mnt/c/Users/Husai/Ece-410-hardware-ai/codefest/cf07/hdl/synth_top.sv:44$1'.
  created $dff cell `$procdff$315' with positive edge clock.

3.10. Executing PROC_MEMWR pass (convert process memory writes to cells).

3.11. Executing PROC_CLEAN pass (remove empty switches from decision trees).
Found and cleaned up 1 empty switch in `\crossbar_mac.$proc$/mnt/c/Users/Husai/Ece-410-hardware-ai/codefest/cf07/hdl/synth_top.sv:117$51'.
Removing empty process `crossbar_mac.$proc$/mnt/c/Users/Husai/Ece-410-hardware-ai/codefest/cf07/hdl/synth_top.sv:117$51'.
Removing empty process `crossbar_mac.$proc$/mnt/c/Users/Husai/Ece-410-hardware-ai/codefest/cf07/hdl/synth_top.sv:87$2'.
Found and cleaned up 3 empty switches in `\crossbar_mac.$proc$/mnt/c/Users/Husai/Ece-410-hardware-ai/codefest/cf07/hdl/synth_top.sv:44$1'.
Removing empty process `crossbar_mac.$proc$/mnt/c/Users/Husai/Ece-410-hardware-ai/codefest/cf07/hdl/synth_top.sv:44$1'.
Cleaned up 4 empty switches.

3.12. Executing OPT_EXPR pass (perform const folding).
Optimizing module crossbar_mac.
<suppressed ~1 debug messages>

4. Executing OPT pass (performing simple optimizations).

4.1. Executing OPT_EXPR pass (perform const folding).
Optimizing module crossbar_mac.
<suppressed ~4 debug messages>

4.2. Executing OPT_MERGE pass (detect identical cells).
Finding identical cells in module `\crossbar_mac'.
<suppressed ~18 debug messages>
Removed a total of 6 cells.

4.3. Executing OPT_MUXTREE pass (detect dead branches in mux trees).
Running muxtree optimizer on module \crossbar_mac..
  Creating internal representation of mux trees.
  Evaluating internal representation of mux trees.
  Analyzing evaluation results.
Removed 0 multiplexer ports.
<suppressed ~32 debug messages>

4.4. Executing OPT_REDUCE pass (consolidate $*mux and $reduce_* inputs).
  Optimizing cells in module \crossbar_mac.
Performed a total of 0 changes.

4.5. Executing OPT_MERGE pass (detect identical cells).
Finding identical cells in module `\crossbar_mac'.
Removed a total of 0 cells.

4.6. Executing OPT_DFF pass (perform DFF optimizations).
Adding SRST signal on $procdff$310 ($dff) from module crossbar_mac (D = $procmux$116_Y, Q = \w22, rval = 1'0).
Adding EN signal on $auto$ff.cc:266:slice$316 ($sdff) from module crossbar_mac (D = \weight_data, Q = \w22).
Adding SRST signal on $procdff$311 ($dff) from module crossbar_mac (D = $procmux$104_Y, Q = \w23, rval = 1'0).
Adding EN signal on $auto$ff.cc:266:slice$320 ($sdff) from module crossbar_mac (D = \weight_data, Q = \w23).
Adding SRST signal on $procdff$312 ($dff) from module crossbar_mac (D = $procmux$93_Y, Q = \w30, rval = 1'0).
Adding EN signal on $auto$ff.cc:266:slice$324 ($sdff) from module crossbar_mac (D = \weight_data, Q = \w30).
Adding SRST signal on $procdff$313 ($dff) from module crossbar_mac (D = $procmux$83_Y, Q = \w31, rval = 1'0).
Adding EN signal on $auto$ff.cc:266:slice$328 ($sdff) from module crossbar_mac (D = \weight_data, Q = \w31).
Adding SRST signal on $procdff$314 ($dff) from module crossbar_mac (D = $procmux$74_Y, Q = \w32, rval = 1'0).
Adding EN signal on $auto$ff.cc:266:slice$332 ($sdff) from module crossbar_mac (D = \weight_data, Q = \w32).
Adding SRST signal on $procdff$315 ($dff) from module crossbar_mac (D = $procmux$66_Y, Q = \w33, rval = 1'0).
Adding EN signal on $auto$ff.cc:266:slice$336 ($sdff) from module crossbar_mac (D = \weight_data, Q = \w33).
Adding SRST signal on $procdff$296 ($dff) from module crossbar_mac (D = \acc0, Q = \out0, rval = 0).
Adding SRST signal on $procdff$297 ($dff) from module crossbar_mac (D = \acc1, Q = \out1, rval = 0).
Adding SRST signal on $procdff$298 ($dff) from module crossbar_mac (D = \acc2, Q = \out2, rval = 0).
Adding SRST signal on $procdff$299 ($dff) from module crossbar_mac (D = \acc3, Q = \out3, rval = 0).
Adding SRST signal on $procdff$300 ($dff) from module crossbar_mac (D = $procmux$291_Y, Q = \w00, rval = 1'0).
Adding EN signal on $auto$ff.cc:266:slice$344 ($sdff) from module crossbar_mac (D = \weight_data, Q = \w00).
Adding SRST signal on $procdff$301 ($dff) from module crossbar_mac (D = $procmux$269_Y, Q = \w01, rval = 1'0).
Adding EN signal on $auto$ff.cc:266:slice$348 ($sdff) from module crossbar_mac (D = \weight_data, Q = \w01).
Adding SRST signal on $procdff$302 ($dff) from module crossbar_mac (D = $procmux$248_Y, Q = \w02, rval = 1'0).
Adding EN signal on $auto$ff.cc:266:slice$352 ($sdff) from module crossbar_mac (D = \weight_data, Q = \w02).
Adding SRST signal on $procdff$303 ($dff) from module crossbar_mac (D = $procmux$228_Y, Q = \w03, rval = 1'0).
Adding EN signal on $auto$ff.cc:266:slice$356 ($sdff) from module crossbar_mac (D = \weight_data, Q = \w03).
Adding SRST signal on $procdff$304 ($dff) from module crossbar_mac (D = $procmux$209_Y, Q = \w10, rval = 1'0).
Adding EN signal on $auto$ff.cc:266:slice$360 ($sdff) from module crossbar_mac (D = \weight_data, Q = \w10).
Adding SRST signal on $procdff$305 ($dff) from module crossbar_mac (D = $procmux$191_Y, Q = \w11, rval = 1'0).
Adding EN signal on $auto$ff.cc:266:slice$364 ($sdff) from module crossbar_mac (D = \weight_data, Q = \w11).
Adding SRST signal on $procdff$306 ($dff) from module crossbar_mac (D = $procmux$174_Y, Q = \w12, rval = 1'0).
Adding EN signal on $auto$ff.cc:266:slice$368 ($sdff) from module crossbar_mac (D = \weight_data, Q = \w12).
Adding SRST signal on $procdff$307 ($dff) from module crossbar_mac (D = $procmux$158_Y, Q = \w13, rval = 1'0).
Adding EN signal on $auto$ff.cc:266:slice$372 ($sdff) from module crossbar_mac (D = \weight_data, Q = \w13).
Adding SRST signal on $procdff$308 ($dff) from module crossbar_mac (D = $procmux$143_Y, Q = \w20, rval = 1'0).
Adding EN signal on $auto$ff.cc:266:slice$376 ($sdff) from module crossbar_mac (D = \weight_data, Q = \w20).
Adding SRST signal on $procdff$309 ($dff) from module crossbar_mac (D = $procmux$129_Y, Q = \w21, rval = 1'0).
Adding EN signal on $auto$ff.cc:266:slice$380 ($sdff) from module crossbar_mac (D = \weight_data, Q = \w21).

4.7. Executing OPT_CLEAN pass (remove unused cells and wires).
Finding unused cells or wires in module \crossbar_mac..
Removed 52 unused cells and 123 unused wires.
<suppressed ~54 debug messages>

4.8. Executing OPT_EXPR pass (perform const folding).
Optimizing module crossbar_mac.

4.9. Rerunning OPT passes. (Maybe there is more to do..)

4.10. Executing OPT_MUXTREE pass (detect dead branches in mux trees).
Running muxtree optimizer on module \crossbar_mac..
  Creating internal representation of mux trees.
  Evaluating internal representation of mux trees.
  Analyzing evaluation results.
Removed 0 multiplexer ports.
<suppressed ~16 debug messages>

4.11. Executing OPT_REDUCE pass (consolidate $*mux and $reduce_* inputs).
  Optimizing cells in module \crossbar_mac.
Performed a total of 0 changes.

4.12. Executing OPT_MERGE pass (detect identical cells).
Finding identical cells in module `\crossbar_mac'.
Removed a total of 0 cells.

4.13. Executing OPT_DFF pass (perform DFF optimizations).

4.14. Executing OPT_CLEAN pass (remove unused cells and wires).
Finding unused cells or wires in module \crossbar_mac..

4.15. Executing OPT_EXPR pass (perform const folding).
Optimizing module crossbar_mac.

4.16. Finished OPT passes. (There is nothing left to do.)

5. Executing FSM pass (extract and optimize FSM).

5.1. Executing FSM_DETECT pass (finding FSMs in design).

5.2. Executing FSM_EXTRACT pass (extracting FSM from design).

5.3. Executing FSM_OPT pass (simple optimizations of FSMs).

5.4. Executing OPT_CLEAN pass (remove unused cells and wires).
Finding unused cells or wires in module \crossbar_mac..

5.5. Executing FSM_OPT pass (simple optimizations of FSMs).

5.6. Executing FSM_RECODE pass (re-assigning FSM state encoding).

5.7. Executing FSM_INFO pass (dumping all available information on FSM cells).

5.8. Executing FSM_MAP pass (mapping FSMs to basic logic).

6. Executing OPT pass (performing simple optimizations).

6.1. Executing OPT_EXPR pass (perform const folding).
Optimizing module crossbar_mac.

6.2. Executing OPT_MERGE pass (detect identical cells).
Finding identical cells in module `\crossbar_mac'.
Removed a total of 0 cells.

6.3. Executing OPT_MUXTREE pass (detect dead branches in mux trees).
Running muxtree optimizer on module \crossbar_mac..
  Creating internal representation of mux trees.
  Evaluating internal representation of mux trees.
  Analyzing evaluation results.
Removed 0 multiplexer ports.
<suppressed ~16 debug messages>

6.4. Executing OPT_REDUCE pass (consolidate $*mux and $reduce_* inputs).
  Optimizing cells in module \crossbar_mac.
Performed a total of 0 changes.

6.5. Executing OPT_MERGE pass (detect identical cells).
Finding identical cells in module `\crossbar_mac'.
Removed a total of 0 cells.

6.6. Executing OPT_DFF pass (perform DFF optimizations).

6.7. Executing OPT_CLEAN pass (remove unused cells and wires).
Finding unused cells or wires in module \crossbar_mac..

6.8. Executing OPT_EXPR pass (perform const folding).
Optimizing module crossbar_mac.

6.9. Finished OPT passes. (There is nothing left to do.)

7. Executing MEMORY pass.

7.1. Executing OPT_MEM pass (optimize memories).
Performed a total of 0 transformations.

7.2. Executing OPT_MEM_PRIORITY pass (removing unnecessary memory write priority relations).
Performed a total of 0 transformations.

7.3. Executing OPT_MEM_FEEDBACK pass (finding memory read-to-write feedback paths).

7.4. Executing MEMORY_BMUX2ROM pass (converting muxes to ROMs).

7.5. Executing MEMORY_DFF pass (merging $dff cells to $memrd).

7.6. Executing OPT_CLEAN pass (remove unused cells and wires).
Finding unused cells or wires in module \crossbar_mac..

7.7. Executing MEMORY_SHARE pass (consolidating $memrd/$memwr cells).

7.8. Executing OPT_MEM_WIDEN pass (optimize memories where all ports are wide).
Performed a total of 0 transformations.

7.9. Executing OPT_CLEAN pass (remove unused cells and wires).
Finding unused cells or wires in module \crossbar_mac..

7.10. Executing MEMORY_COLLECT pass (generating $mem cells).

8. Executing OPT pass (performing simple optimizations).

8.1. Executing OPT_EXPR pass (perform const folding).
Optimizing module crossbar_mac.

8.2. Executing OPT_MERGE pass (detect identical cells).
Finding identical cells in module `\crossbar_mac'.
Removed a total of 0 cells.

8.3. Executing OPT_MUXTREE pass (detect dead branches in mux trees).
Running muxtree optimizer on module \crossbar_mac..
  Creating internal representation of mux trees.
  Evaluating internal representation of mux trees.
  Analyzing evaluation results.
Removed 0 multiplexer ports.
<suppressed ~16 debug messages>

8.4. Executing OPT_REDUCE pass (consolidate $*mux and $reduce_* inputs).
  Optimizing cells in module \crossbar_mac.
Performed a total of 0 changes.

8.5. Executing OPT_MERGE pass (detect identical cells).
Finding identical cells in module `\crossbar_mac'.
Removed a total of 0 cells.

8.6. Executing OPT_DFF pass (perform DFF optimizations).

8.7. Executing OPT_CLEAN pass (remove unused cells and wires).
Finding unused cells or wires in module \crossbar_mac..

8.8. Executing OPT_EXPR pass (perform const folding).
Optimizing module crossbar_mac.

8.9. Finished OPT passes. (There is nothing left to do.)

9. Executing TECHMAP pass (map to technology primitives).

9.1. Executing Verilog-2005 frontend: /usr/bin/../share/yosys/techmap.v
Parsing Verilog input from `/usr/bin/../share/yosys/techmap.v' to AST representation.
Generating RTLIL representation for module `\_90_simplemap_bool_ops'.
Generating RTLIL representation for module `\_90_simplemap_reduce_ops'.
Generating RTLIL representation for module `\_90_simplemap_logic_ops'.
Generating RTLIL representation for module `\_90_simplemap_compare_ops'.
Generating RTLIL representation for module `\_90_simplemap_various'.
Generating RTLIL representation for module `\_90_simplemap_registers'.
Generating RTLIL representation for module `\_90_shift_ops_shr_shl_sshl_sshr'.
Generating RTLIL representation for module `\_90_shift_shiftx'.
Generating RTLIL representation for module `\_90_fa'.
Generating RTLIL representation for module `\_90_lcu_brent_kung'.
Generating RTLIL representation for module `\_90_alu'.
Generating RTLIL representation for module `\_90_macc'.
Generating RTLIL representation for module `\_90_alumacc'.
Generating RTLIL representation for module `\$__div_mod_u'.
Generating RTLIL representation for module `\$__div_mod_trunc'.
Generating RTLIL representation for module `\_90_div'.
Generating RTLIL representation for module `\_90_mod'.
Generating RTLIL representation for module `\$__div_mod_floor'.
Generating RTLIL representation for module `\_90_divfloor'.
Generating RTLIL representation for module `\_90_modfloor'.
Generating RTLIL representation for module `\_90_pow'.
Generating RTLIL representation for module `\_90_pmux'.
Generating RTLIL representation for module `\_90_demux'.
Generating RTLIL representation for module `\_90_lut'.
Successfully finished Verilog frontend.

9.2. Continuing TECHMAP pass.
Using extmapper simplemap for cells of type $reduce_and.
Using extmapper simplemap for cells of type $sdff.
Using extmapper simplemap for cells of type $mux.
Running "alumacc" on wrapper $extern:wrap:$sub:A_SIGNED=1:A_WIDTH=32:B_SIGNED=1:B_WIDTH=32:Y_WIDTH=32:394426c56d1a028ba8fdd5469b163e04011def47.
Using template $extern:wrap:$sub:A_SIGNED=1:A_WIDTH=32:B_SIGNED=1:B_WIDTH=32:Y_WIDTH=32:394426c56d1a028ba8fdd5469b163e04011def47 for cells of type $extern:wrap:$sub:A_SIGNED=1:A_WIDTH=32:B_SIGNED=1:B_WIDTH=32:Y_WIDTH=32:394426c56d1a028ba8fdd5469b163e04011def47.
Running "alumacc" on wrapper $extern:wrap:$add:A_SIGNED=1:A_WIDTH=32:B_SIGNED=1:B_WIDTH=32:Y_WIDTH=32:394426c56d1a028ba8fdd5469b163e04011def47.
Using template $extern:wrap:$add:A_SIGNED=1:A_WIDTH=32:B_SIGNED=1:B_WIDTH=32:Y_WIDTH=32:394426c56d1a028ba8fdd5469b163e04011def47 for cells of type $extern:wrap:$add:A_SIGNED=1:A_WIDTH=32:B_SIGNED=1:B_WIDTH=32:Y_WIDTH=32:394426c56d1a028ba8fdd5469b163e04011def47.
Using extmapper simplemap for cells of type $eq.
Using extmapper simplemap for cells of type $logic_not.
Using extmapper simplemap for cells of type $sdffe.
Using template $paramod$2653f68ddb8eab7b1907b4a20767b72a824a7a36\_90_alu for cells of type $alu.
Using extmapper simplemap for cells of type $xor.
Using extmapper simplemap for cells of type $and.
Using template $paramod\_90_lcu_brent_kung\WIDTH=32'00000000000000000000000000100000 for cells of type $lcu.
Using extmapper simplemap for cells of type $pos.
Using extmapper simplemap for cells of type $not.
Using extmapper simplemap for cells of type $or.
No more expansions possible.
<suppressed ~4129 debug messages>

10. Executing OPT pass (performing simple optimizations).

10.1. Executing OPT_EXPR pass (perform const folding).
Optimizing module crossbar_mac.
<suppressed ~1100 debug messages>

10.2. Executing OPT_MERGE pass (detect identical cells).
Finding identical cells in module `\crossbar_mac'.
<suppressed ~2568 debug messages>
Removed a total of 856 cells.

10.3. Executing OPT_MUXTREE pass (detect dead branches in mux trees).
Running muxtree optimizer on module \crossbar_mac..
  Creating internal representation of mux trees.
  No muxes found in this module.
Removed 0 multiplexer ports.

10.4. Executing OPT_REDUCE pass (consolidate $*mux and $reduce_* inputs).
  Optimizing cells in module \crossbar_mac.
Performed a total of 0 changes.

10.5. Executing OPT_MERGE pass (detect identical cells).
Finding identical cells in module `\crossbar_mac'.
Removed a total of 0 cells.

10.6. Executing OPT_DFF pass (perform DFF optimizations).

10.7. Executing OPT_CLEAN pass (remove unused cells and wires).
Finding unused cells or wires in module \crossbar_mac..
Removed 362 unused cells and 1208 unused wires.
<suppressed ~363 debug messages>

10.8. Executing OPT_EXPR pass (perform const folding).
Optimizing module crossbar_mac.
<suppressed ~3 debug messages>

10.9. Rerunning OPT passes. (Maybe there is more to do..)

10.10. Executing OPT_MUXTREE pass (detect dead branches in mux trees).
Running muxtree optimizer on module \crossbar_mac..
  Creating internal representation of mux trees.
  No muxes found in this module.
Removed 0 multiplexer ports.

10.11. Executing OPT_REDUCE pass (consolidate $*mux and $reduce_* inputs).
  Optimizing cells in module \crossbar_mac.
Performed a total of 0 changes.

10.12. Executing OPT_MERGE pass (detect identical cells).
Finding identical cells in module `\crossbar_mac'.
<suppressed ~1836 debug messages>
Removed a total of 612 cells.

10.13. Executing OPT_DFF pass (perform DFF optimizations).

10.14. Executing OPT_CLEAN pass (remove unused cells and wires).
Finding unused cells or wires in module \crossbar_mac..
Removed 0 unused cells and 219 unused wires.
<suppressed ~1 debug messages>

10.15. Executing OPT_EXPR pass (perform const folding).
Optimizing module crossbar_mac.

10.16. Rerunning OPT passes. (Maybe there is more to do..)

10.17. Executing OPT_MUXTREE pass (detect dead branches in mux trees).
Running muxtree optimizer on module \crossbar_mac..
  Creating internal representation of mux trees.
  No muxes found in this module.
Removed 0 multiplexer ports.

10.18. Executing OPT_REDUCE pass (consolidate $*mux and $reduce_* inputs).
  Optimizing cells in module \crossbar_mac.
Performed a total of 0 changes.

10.19. Executing OPT_MERGE pass (detect identical cells).
Finding identical cells in module `\crossbar_mac'.
Removed a total of 0 cells.

10.20. Executing OPT_DFF pass (perform DFF optimizations).

10.21. Executing OPT_CLEAN pass (remove unused cells and wires).
Finding unused cells or wires in module \crossbar_mac..

10.22. Executing OPT_EXPR pass (perform const folding).
Optimizing module crossbar_mac.

10.23. Finished OPT passes. (There is nothing left to do.)

11. Executing DFFLEGALIZE pass (convert FFs to types supported by the target).

12. Executing DFFLIBMAP pass (mapping DFF cells to sequential cells from liberty file).
  cell DFF (noninv, pins=3, area=6.00) is a direct match for cell type $_DFF_P_.
  cell DFFR (noninv, pins=4, area=8.00) is a direct match for cell type $_DFF_PP0_.
  final dff cell mappings:
    unmapped dff cell: $_DFF_N_
    \DFF _DFF_P_ (.C( C), .D( D), .Q( Q));
    unmapped dff cell: $_DFF_NN0_
    unmapped dff cell: $_DFF_NN1_
    unmapped dff cell: $_DFF_NP0_
    unmapped dff cell: $_DFF_NP1_
    unmapped dff cell: $_DFF_PN0_
    unmapped dff cell: $_DFF_PN1_
    \DFFR _DFF_PP0_ (.C( C), .D( D), .Q( Q), .R( R));
    unmapped dff cell: $_DFF_PP1_
    unmapped dff cell: $_DFFE_NN_
    unmapped dff cell: $_DFFE_NP_
    unmapped dff cell: $_DFFE_PN_
    unmapped dff cell: $_DFFE_PP_
    unmapped dff cell: $_DFFSR_NNN_
    unmapped dff cell: $_DFFSR_NNP_
    unmapped dff cell: $_DFFSR_NPN_
    unmapped dff cell: $_DFFSR_NPP_
    unmapped dff cell: $_DFFSR_PNN_
    unmapped dff cell: $_DFFSR_PNP_
    unmapped dff cell: $_DFFSR_PPN_
    unmapped dff cell: $_DFFSR_PPP_

12.1. Executing DFFLEGALIZE pass (convert FFs to types supported by the target).
Mapping DFF cells in module `\crossbar_mac':
  mapped 144 $_DFF_P_ cells to \DFF cells.

13. Executing ABC pass (technology mapping using ABC).

13.1. Extracting gate netlist of module `\crossbar_mac' to `<abc-temp-dir>/input.blif'..
Extracted 5499 gates and 5555 wires to a netlist network with 55 inputs and 144 outputs.

13.1.1. Executing ABC.
Running ABC command: "<yosys-exe-dir>/yosys-abc" -s -f <abc-temp-dir>/abc.script 2>&1
ABC: ABC command line: "source <abc-temp-dir>/abc.script".
ABC: 
ABC: + read_blif <abc-temp-dir>/input.blif 
ABC: + read_lib -w /mnt/c/Users/Husai/Ece-410-hardware-ai/codefest/cf07/hdl/generic_130nm.lib 
ABC: Parsing finished successfully.  Parsing time =     0.00 sec
ABC: Warning: Templates are not defined.
ABC: Scl_LibertyReadGenlib() skipped sequential cell "DFF".
ABC: Scl_LibertyReadGenlib() skipped sequential cell "DFFR".
ABC: Library "generic_130nm" from "/mnt/c/Users/Husai/Ece-410-hardware-ai/codefest/cf07/hdl/generic_130nm.lib" has 13 cells (2 skipped: 2 seq; 0 tri-state; 0 no func; 0 dont_use).  Time =     0.00 sec
ABC: Memory =    0.06 MB. Time =     0.00 sec
ABC: + read_constr -v /mnt/c/Users/Husai/Ece-410-hardware-ai/codefest/cf07/synth/abc.constr 
ABC: Setting driving cell to be "INV".
ABC: Setting output load to be 0.010000.
ABC: + strash 
ABC: + &get -n 
ABC: + &fraig -x 
ABC: + &put 
ABC: + scorr 
ABC: Warning: The network is combinational (run "fraig" or "fraig_sweep").
ABC: + dc2 
ABC: + dretime 
ABC: + retime -o -D 10000 
ABC: + strash 
ABC: + &get -n 
ABC: + &dch -f 
ABC: + &nf -D 10000 
ABC: + &put 
ABC: + buffer 
ABC: + upsize -D 10000 
ABC: Current delay (5380.00 ps) does not exceed the target delay (10000.00 ps). Upsizing is not performed.
ABC: + dnsize -D 10000 
ABC: + stime -p 
ABC: WireLoad = "none"  Gates =   1476 (  8.9 %)   Cap =  0.0 ff (  0.0 %)   Area =     3267.00 (100.0 %)   Delay =  5380.00 ps  ( 18.4 %)               
ABC: Path  0 --      24 : 0    7 pi    A =   0.00  Df =   0.0   -0.0 ps  S =  40.0 ps  Cin =  0.0 ff  Cout =   0.1 ff  Cmax =   0.0 ff  G =    0  
ABC: Path  1 --     953 : 3    4 MUX2  A =   3.00  Df = 630.0  -90.0 ps  S =  60.0 ps  Cin =  0.0 ff  Cout =   0.0 ff  Cmax =   0.0 ff  G =  400  
ABC: Path  2 --     956 : 2    3 XNOR2 A =   3.50  Df = 980.0  -50.0 ps  S =  70.0 ps  Cin =  0.0 ff  Cout =   0.0 ff  Cmax =   0.0 ff  G =  300  
ABC: Path  3 --     970 : 3    2 AOI21 A =   2.50  Df =1140.0  -10.0 ps  S =  50.0 ps  Cin =  0.0 ff  Cout =   0.0 ff  Cmax =   0.0 ff  G =  200  
ABC: Path  4 --    1003 : 3    2 OAI21 A =   2.50  Df =1340.0  -10.0 ps  S =  50.0 ps  Cin =  0.0 ff  Cout =   0.0 ff  Cmax =   0.0 ff  G =  200  
ABC: Path  5 --    1007 : 3    1 MUX2  A =   3.00  Df =1620.0  -50.0 ps  S =  60.0 ps  Cin =  0.0 ff  Cout =   0.0 ff  Cmax =   0.0 ff  G =  100  
ABC: Path  6 --    1008 : 2    6 XNOR2 A =   3.50  Df =1970.0  -50.0 ps  S =  70.0 ps  Cin =  0.0 ff  Cout =   0.1 ff  Cmax =   0.0 ff  G =  599  
ABC: Path  7 --    1043 : 2    1 XNOR2 A =   3.50  Df =2320.0  -50.0 ps  S =  70.0 ps  Cin =  0.0 ff  Cout =   0.0 ff  Cmax =   0.0 ff  G =  100  
ABC: Path  8 --    1045 : 3    2 AOI21 A =   2.50  Df =2480.0  -10.0 ps  S =  50.0 ps  Cin =  0.0 ff  Cout =   0.0 ff  Cmax =   0.0 ff  G =  200  
ABC: Path  9 --    1075 : 3    2 OAI21 A =   2.50  Df =2680.0  -10.0 ps  S =  50.0 ps  Cin =  0.0 ff  Cout =   0.0 ff  Cmax =   0.0 ff  G =  200  
ABC: Path 10 --    1076 : 3    1 MUX2  A =   3.00  Df =2960.0  -50.0 ps  S =  60.0 ps  Cin =  0.0 ff  Cout =   0.0 ff  Cmax =   0.0 ff  G =  100  
ABC: Path 11 --    1077 : 2    5 XNOR2 A =   3.50  Df =3310.0  -50.0 ps  S =  70.0 ps  Cin =  0.0 ff  Cout =   0.0 ff  Cmax =   0.0 ff  G =  499  
ABC: Path 12 --    1110 : 2    1 XNOR2 A =   3.50  Df =3660.0  -50.0 ps  S =  70.0 ps  Cin =  0.0 ff  Cout =   0.0 ff  Cmax =   0.0 ff  G =  100  
ABC: Path 13 --    1112 : 3    2 OAI21 A =   2.50  Df =3820.0  -10.0 ps  S =  50.0 ps  Cin =  0.0 ff  Cout =   0.0 ff  Cmax =   0.0 ff  G =  200  
ABC: Path 14 --    1139 : 3    2 AOI21 A =   2.50  Df =4020.0  -50.0 ps  S =  50.0 ps  Cin =  0.0 ff  Cout =   0.0 ff  Cmax =   0.0 ff  G =  200  
ABC: Path 15 --    1175 : 3    2 OAI21 A =   2.50  Df =4180.0  -10.0 ps  S =  50.0 ps  Cin =  0.0 ff  Cout =   0.0 ff  Cmax =   0.0 ff  G =  200  
ABC: Path 16 --    1216 : 3    1 AOI21 A =   2.50  Df =4380.0  -10.0 ps  S =  50.0 ps  Cin =  0.0 ff  Cout =   0.0 ff  Cmax =   0.0 ff  G =  100  
ABC: Path 17 --    1217 : 2    2 XNOR2 A =   3.50  Df =4730.0  -50.0 ps  S =  70.0 ps  Cin =  0.0 ff  Cout =   0.0 ff  Cmax =   0.0 ff  G =  200  
ABC: Path 18 --    1226 : 3    4 MUX2  A =   3.00  Df =5010.0  -90.0 ps  S =  60.0 ps  Cin =  0.0 ff  Cout =   0.0 ff  Cmax =   0.0 ff  G =  400  
ABC: Path 19 --    1227 : 1   10 BUF   A =   1.00  Df =5140.0 -110.0 ps  S =  40.0 ps  Cin =  0.0 ff  Cout =   0.1 ff  Cmax =   0.0 ff  G =  999  
ABC: Path 20 --    1228 : 2    1 AND2  A =   2.00  Df =5380.0 -150.0 ps  S =  50.0 ps  Cin =  0.0 ff  Cout =   0.0 ff  Cmax =   0.0 ff  G =  100  
ABC: Start-point = pi23 (\in0 [1]).  End-point = po74 ($auto$rtlil.cc:3025:MuxGate$9379).
ABC: + write_blif <abc-temp-dir>/output.blif 

13.1.2. Re-integrating ABC results.
ABC RESULTS:              AND2 cells:      178
ABC RESULTS:             AOI21 cells:      217
ABC RESULTS:               BUF cells:       71
ABC RESULTS:               INV cells:       60
ABC RESULTS:              MUX2 cells:      127
ABC RESULTS:             NAND2 cells:      174
ABC RESULTS:             NAND3 cells:       21
ABC RESULTS:              NOR2 cells:      148
ABC RESULTS:              NOR3 cells:       51
ABC RESULTS:             OAI21 cells:      176
ABC RESULTS:               OR2 cells:       64
ABC RESULTS:             XNOR2 cells:      159
ABC RESULTS:              XOR2 cells:       30
ABC RESULTS:        internal signals:     5356
ABC RESULTS:           input signals:       55
ABC RESULTS:          output signals:      144
Removing temp directory.

14. Executing OPT_CLEAN pass (remove unused cells and wires).
Finding unused cells or wires in module \crossbar_mac..
Removed 0 unused cells and 2484 unused wires.
<suppressed ~5 debug messages>

15. Executing FLATTEN pass (flatten design).

16. Printing statistics.

=== crossbar_mac ===

   Number of wires:               1509
   Number of wire bits:           1788
   Number of public wires:          33
   Number of public wire bits:     312
   Number of ports:                 13
   Number of port bits:            168
   Number of memories:               0
   Number of memory bits:            0
   Number of processes:              0
   Number of cells:               1620
     AND2                          178
     AOI21                         217
     BUF                            71
     DFF                           144
     INV                            60
     MUX2                          127
     NAND2                         174
     NAND3                          21
     NOR2                          148
     NOR3                           51
     OAI21                         176
     OR2                            64
     XNOR2                         159
     XOR2                           30

   Chip area for module '\crossbar_mac': 4131.000000
     of which used for sequential elements: 864.000000 (20.92%)

17. Executing STA pass (static timing analysis).
Warning: Cell type 'XNOR2' not recognised! Ignoring.
Warning: Cell type 'NOR2' not recognised! Ignoring.
Warning: Cell type 'MUX2' not recognised! Ignoring.
Warning: Cell type 'AND2' not recognised! Ignoring.
Warning: Cell type 'AOI21' not recognised! Ignoring.
Warning: Cell type 'NAND2' not recognised! Ignoring.
Warning: Cell type 'OAI21' not recognised! Ignoring.
Warning: Cell type 'BUF' not recognised! Ignoring.
Warning: Cell type 'XOR2' not recognised! Ignoring.
Warning: Cell type 'INV' not recognised! Ignoring.
Warning: Cell type 'OR2' not recognised! Ignoring.
Warning: Cell type 'NOR3' not recognised! Ignoring.
Warning: Cell type 'NAND3' not recognised! Ignoring.
Warning: Cell type 'DFF' not recognised! Ignoring.
No timing paths found.

18. Executing Verilog backend.

18.1. Executing BMUXMAP pass.

18.2. Executing DEMUXMAP pass.
Dumping module `\crossbar_mac'.

Warnings: 14 unique messages, 14 total
End of script. Logfile hash: cf76ee4e65, CPU: user 0.66s system 0.02s, MEM: 42.21 MB peak
Yosys 0.52 (git sha1 fee39a3284c90249e1d9684cf6944ffbbcbb8f90)
Time spent: 29% 1x abc (0 sec), 23% 14x opt_expr (0 sec), ...
